[10-Dec-2024 20:31:24] NOTICE: fpm is running, pid 83518
[10-Dec-2024 20:31:24] NOTICE: ready to handle connections
[10-Dec-2024 23:13:16] NOTICE: Terminating ...
[10-Dec-2024 23:13:16] NOTICE: Terminating ...
[10-Dec-2024 23:13:16] NOTICE: exiting, bye-bye!
[11-Dec-2024 08:25:36] NOTICE: fpm is running, pid 3002
[11-Dec-2024 08:25:36] NOTICE: ready to handle connections
[11-Dec-2024 14:26:25] NOTICE: Terminating ...
[11-Dec-2024 14:26:25] NOTICE: Terminating ...
[11-Dec-2024 14:26:25] NOTICE: exiting, bye-bye!
[13-Dec-2024 15:07:37] NOTICE: fpm is running, pid 14150
[13-Dec-2024 15:07:37] NOTICE: ready to handle connections
[13-Dec-2024 15:07:49] NOTICE: Terminating ...
[13-Dec-2024 15:07:49] NOTICE: Terminating ...
[13-Dec-2024 15:07:49] NOTICE: exiting, bye-bye!
[22-Jan-2025 09:59:48] NOTICE: fpm is running, pid 22425
[22-Jan-2025 09:59:48] NOTICE: ready to handle connections
[22-Jan-2025 13:00:08] NOTICE: Terminating ...
[22-Jan-2025 13:00:08] NOTICE: Terminating ...
[22-Jan-2025 13:00:08] NOTICE: exiting, bye-bye!
[24-Jan-2025 09:19:51] NOTICE: fpm is running, pid 76453
[24-Jan-2025 09:19:51] NOTICE: ready to handle connections
[24-Jan-2025 13:52:17] NOTICE: Terminating ...
[24-Jan-2025 13:52:17] NOTICE: Terminating ...
[24-Jan-2025 13:52:17] NOTICE: exiting, bye-bye!
[04-Feb-2025 08:09:24] NOTICE: fpm is running, pid 38253
[04-Feb-2025 08:09:24] NOTICE: ready to handle connections
[04-Feb-2025 18:30:32] NOTICE: Terminating ...
[04-Feb-2025 18:30:32] NOTICE: Terminating ...
[04-Feb-2025 18:30:32] NOTICE: exiting, bye-bye!
[07-Feb-2025 08:38:13] NOTICE: fpm is running, pid 42524
[07-Feb-2025 08:38:13] NOTICE: ready to handle connections
[07-Feb-2025 15:55:03] NOTICE: Terminating ...
[07-Feb-2025 15:55:03] NOTICE: Terminating ...
[07-Feb-2025 15:55:03] NOTICE: exiting, bye-bye!
[11-Feb-2025 10:49:45] NOTICE: fpm is running, pid 12798
[11-Feb-2025 10:49:45] NOTICE: ready to handle connections
[13-Feb-2025 21:27:15] NOTICE: Terminating ...
[13-Feb-2025 21:27:15] NOTICE: exiting, bye-bye!
[13-Feb-2025 21:27:20] NOTICE: fpm is running, pid 60699
[13-Feb-2025 21:27:20] NOTICE: ready to handle connections
[13-Feb-2025 22:03:50] NOTICE: Terminating ...
[13-Feb-2025 22:03:50] NOTICE: Terminating ...
[13-Feb-2025 22:03:50] NOTICE: exiting, bye-bye!
[20-Feb-2025 19:58:16] NOTICE: fpm is running, pid 79127
[20-Feb-2025 19:58:16] NOTICE: ready to handle connections
[20-Feb-2025 21:48:10] NOTICE: Terminating ...
[20-Feb-2025 21:48:10] NOTICE: Terminating ...
[20-Feb-2025 21:48:10] NOTICE: exiting, bye-bye!
[21-Feb-2025 14:51:16] NOTICE: fpm is running, pid 28799
[21-Feb-2025 14:51:16] NOTICE: ready to handle connections
